2025-04-03 13:32:01,844 - INFO - Starting demo with dataset from data/simulation/output/
2025-04-03 13:32:01,844 - INFO - PyTorch version: 2.4.1
2025-04-03 13:32:01,844 - INFO - CUDA available: True
2025-04-03 13:32:01,952 - INFO - CUDA device: NVIDIA GeForce RTX 2080
2025-04-03 13:32:01,952 - INFO - Loading dataset...
2025-04-03 13:32:01,953 - ERROR - Demo failed: property 'processed_dir' of 'LazyHPOGraphDataset' object has no setter
Traceback (most recent call last):
  File "/home/gcolangelo/GraPhens/training/demo_data_loading.py", line 203, in main
    dataset = LazyHPOGraphDataset(root_dir=args.dataset_root)
              ^^^^^^^^^^^^^^^^^^^^^^^^^^^^^^^^^^^^^^^^^^^^^^^
  File "/home/gcolangelo/GraPhens/training/datasets/lazy_hpo_dataset.py", line 35, in __init__
    self.processed_dir = self.root_dir / "processed"
    ^^^^^^^^^^^^^^^^^^
AttributeError: property 'processed_dir' of 'LazyHPOGraphDataset' object has no setter
2025-04-03 13:35:57,955 - INFO - Starting demo with dataset from data/simulation/output/
2025-04-03 13:35:57,955 - INFO - PyTorch version: 2.4.1
2025-04-03 13:35:57,955 - INFO - CUDA available: True
2025-04-03 13:35:58,002 - INFO - CUDA device: NVIDIA GeForce RTX 2080
2025-04-03 13:35:58,002 - INFO - Loading dataset...
2025-04-03 13:35:58,004 - INFO - Initializing LazyHPOGraphDataset with root: /home/gcolangelo/GraPhens/data/simulation/output
2025-04-03 13:36:09,564 - INFO - Successfully initialized dataset with 26144821 samples.
2025-04-03 13:36:09,565 - INFO - Dataset loaded in 11.56 seconds
2025-04-03 13:36:09,565 - INFO - Dataset size: 26144821
2025-04-03 13:36:09,579 - INFO - Number of genes: 5229
2025-04-03 13:36:09,579 - INFO - Embedding source: data/embeddings/hpo_embeddings_gsarti_biobert-nli_20250317_162424.pkl
2025-04-03 13:36:09,580 - INFO - Ancestors included: True
2025-04-03 13:36:09,580 - INFO - Reverse edges included: False
2025-04-03 13:36:09,583 - INFO - Top 5 genes by sample count: [('-', 5000), ('A2ML1', 5000), ('AAAS', 5000), ('AAGAB', 5000), ('AARS1', 5000)]
2025-04-03 13:36:10,752 - INFO - Example sample - Gene: -
2025-04-03 13:36:10,752 - INFO - Example sample - Num nodes: 30
2025-04-03 13:36:10,752 - INFO - Example sample - Num edges: 35
2025-04-03 13:36:10,752 - INFO - Example sample - Node feature dim: 768
2025-04-03 13:36:10,752 - INFO - Example sample - Num phenotypes: 3
2025-04-03 13:36:10,752 - INFO - Memory usage: 3895.33 MB
2025-04-03 13:36:13,838 - INFO - Gene distribution visualization saved to gene_distribution.png
2025-04-03 13:36:13,839 - INFO - 
==============================
Testing random split strategy
==============================
2025-04-03 13:36:13,839 - INFO - Creating HPO DataLoaders with strategy: 'random'
2025-04-03 13:36:13,839 - INFO - Initializing LazyHPOGraphDataset with root: /home/gcolangelo/GraPhens/data/simulation/output
2025-04-03 13:36:25,168 - INFO - Successfully initialized dataset with 26144821 samples.
2025-04-03 13:36:25,168 - INFO - Performing random split: Train=18301374, Val=3921723, Test=3921724 (Total=26144821)
2025-04-03 13:36:31,205 - INFO - Random split created successfully with seed 42.
2025-04-03 13:36:35,636 - INFO - Subset sizes: Train=18301374, Val=3921723, Test=3921724
2025-04-03 13:36:35,636 - INFO - DataLoaders created successfully.
2025-04-03 13:36:36,863 - INFO - Split creation time: 23.02 seconds
2025-04-03 13:36:36,863 - INFO - Train samples: 18301374
2025-04-03 13:36:36,863 - INFO - Validation samples: 3921723
2025-04-03 13:36:36,863 - INFO - Test samples: 3921724
2025-04-03 13:36:36,863 - INFO - Testing batch iteration...
2025-04-03 13:37:44,434 - INFO - Batch loading time: 67.5711 seconds
2025-04-03 13:37:44,435 - INFO - Batch size: 32
2025-04-03 13:37:44,435 - INFO - Successfully tested random split strategy
2025-04-03 13:37:44,435 - INFO - 
==============================
Testing gene_stratified split strategy
==============================
2025-04-03 13:37:44,435 - INFO - Creating HPO DataLoaders with strategy: 'gene_stratified'
2025-04-03 13:37:44,435 - INFO - Initializing LazyHPOGraphDataset with root: /home/gcolangelo/GraPhens/data/simulation/output
2025-04-03 13:37:56,226 - INFO - Successfully initialized dataset with 26144821 samples.
2025-04-03 13:37:56,228 - INFO - Performing gene-stratified split for 5229 genes.
2025-04-03 14:33:51,019 - INFO - Starting demo with dataset from data/simulation/output/
2025-04-03 14:33:51,019 - INFO - PyTorch version: 2.4.1
2025-04-03 14:33:51,020 - INFO - CUDA available: True
2025-04-03 14:33:51,096 - INFO - CUDA device: NVIDIA GeForce RTX 2080
2025-04-03 14:33:51,096 - INFO - Loading dataset...
2025-04-03 14:33:51,097 - INFO - Initializing LazyHPOGraphDataset with root: /home/gcolangelo/GraPhens/data/simulation/output
2025-04-03 14:34:06,024 - INFO - Successfully initialized dataset with 26144821 samples. Batch caching: Enabled
2025-04-03 14:34:06,024 - INFO - Dataset loaded in 14.93 seconds
2025-04-03 14:34:06,024 - INFO - Dataset size: 26144821
2025-04-03 14:34:06,027 - INFO - Number of genes: 5229
2025-04-03 14:34:06,027 - INFO - Embedding source: data/embeddings/hpo_embeddings_gsarti_biobert-nli_20250317_162424.pkl
2025-04-03 14:34:06,027 - INFO - Ancestors included: True
2025-04-03 14:34:06,027 - INFO - Reverse edges included: False
2025-04-03 14:34:06,027 - INFO - Top 5 genes by sample count: [('-', 5000), ('A2ML1', 5000), ('AAAS', 5000), ('AAGAB', 5000), ('AARS1', 5000)]
2025-04-03 14:34:06,100 - INFO - Example sample - Gene: -
2025-04-03 14:34:06,101 - INFO - Example sample - Num nodes: 30
2025-04-03 14:34:06,101 - INFO - Example sample - Num edges: 35
2025-04-03 14:34:06,101 - INFO - Example sample - Node feature dim: 768
2025-04-03 14:34:06,101 - INFO - Example sample - Num phenotypes: 3
2025-04-03 14:34:06,101 - INFO - Memory usage: 4912.58 MB
2025-04-03 14:34:08,044 - INFO - Gene distribution visualization saved to gene_distribution.png
2025-04-03 14:34:08,045 - INFO - 
==============================
Testing random split strategy
==============================
2025-04-03 14:34:08,045 - INFO - Creating HPO DataLoaders with strategy: 'random'
2025-04-03 14:34:08,045 - INFO - Initializing LazyHPOGraphDataset with root: /home/gcolangelo/GraPhens/data/simulation/output
2025-04-03 14:34:23,208 - INFO - Successfully initialized dataset with 26144821 samples. Batch caching: Enabled
2025-04-03 14:34:23,208 - INFO - Dataset initialized in 15.16s with cache_size=50
2025-04-03 14:34:23,208 - INFO - Performing random split: Train=18301374, Val=3921723, Test=3921724 (Total=26144821)
2025-04-03 14:34:29,276 - INFO - Random split created successfully with seed 42.
2025-04-03 14:34:32,937 - INFO - Split creation took 9.73s
2025-04-03 14:34:33,467 - INFO - Subset sizes: Train=18301374, Val=3921723, Test=3921724
2025-04-03 14:34:33,468 - INFO - Dataset cache configuration: {'enabled': True, 'size': 50, 'current_usage': 0, 'hits': 0, 'misses': 0, 'hit_rate': 0}
2025-04-03 14:34:33,468 - INFO - DataLoaders created successfully in 25.42s
2025-04-03 14:34:34,685 - INFO - Split creation time: 26.64 seconds
2025-04-03 14:34:34,685 - INFO - Train samples: 18301374
2025-04-03 14:34:34,685 - INFO - Validation samples: 3921723
2025-04-03 14:34:34,686 - INFO - Test samples: 3921724
2025-04-03 14:34:34,686 - INFO - Benchmarking batch iteration with 5 batches (after 1 warmup batches)
2025-04-03 14:35:27,708 - INFO - Batch 1 loaded in 0.0001 seconds
2025-04-03 14:35:27,709 - INFO - Batch 2 loaded in 0.0001 seconds
2025-04-03 14:35:27,709 - INFO - Batch 3 loaded in 0.0001 seconds
2025-04-03 14:36:13,038 - INFO - Batch 4 loaded in 45.3291 seconds
2025-04-03 14:36:14,494 - INFO - Batch 5 loaded in 1.4558 seconds
2025-04-03 14:36:14,494 - INFO - Average batch loading time: 9.3571s (min: 0.0001s, max: 45.3291s)
2025-04-03 14:36:14,494 - INFO - Average time per sample: 0.292408s
2025-04-03 14:36:14,494 - INFO - Cache statistics: {'enabled': True, 'size': 50, 'current_usage': 0, 'hits': 0, 'misses': 0, 'hit_rate': 0}
2025-04-03 14:36:14,494 - INFO - Successfully tested random split strategy
2025-04-03 14:36:14,494 - INFO - 
==============================
Testing gene_stratified split strategy
==============================
2025-04-03 14:36:14,494 - INFO - Creating HPO DataLoaders with strategy: 'gene_stratified'
2025-04-03 14:36:14,495 - INFO - Initializing LazyHPOGraphDataset with root: /home/gcolangelo/GraPhens/data/simulation/output
2025-04-03 14:36:30,250 - INFO - Successfully initialized dataset with 26144821 samples. Batch caching: Enabled
2025-04-03 14:36:30,250 - INFO - Dataset initialized in 15.76s with cache_size=50
2025-04-03 14:36:30,261 - INFO - Performing gene-stratified split for 5229 genes.
2025-04-03 14:48:00,407 - INFO - Starting demo with dataset from data/simulation/output/
2025-04-03 14:48:00,407 - INFO - PyTorch version: 2.4.1
2025-04-03 14:48:00,408 - INFO - CUDA available: True
2025-04-03 14:48:00,501 - INFO - CUDA device: NVIDIA GeForce RTX 2080
2025-04-03 14:48:00,501 - INFO - Loading dataset...
2025-04-03 14:48:00,503 - INFO - Initializing LazyHPOGraphDataset with root: /home/gcolangelo/GraPhens/data/simulation/output
2025-04-03 14:48:15,481 - INFO - Successfully initialized dataset with 26144821 samples. Batch caching: Enabled
2025-04-03 14:48:15,481 - INFO - Dataset loaded in 14.98 seconds
2025-04-03 14:48:15,481 - INFO - Dataset size: 26144821
2025-04-03 14:48:15,483 - INFO - Number of genes: 5229
2025-04-03 14:48:15,483 - INFO - Embedding source: data/embeddings/hpo_embeddings_gsarti_biobert-nli_20250317_162424.pkl
2025-04-03 14:48:15,483 - INFO - Ancestors included: True
2025-04-03 14:48:15,483 - INFO - Reverse edges included: False
2025-04-03 14:48:15,484 - INFO - Top 5 genes by sample count: [('-', 5000), ('A2ML1', 5000), ('AAAS', 5000), ('AAGAB', 5000), ('AARS1', 5000)]
2025-04-03 14:48:15,557 - INFO - Example sample - Gene: -
2025-04-03 14:48:15,557 - INFO - Example sample - Num nodes: 30
2025-04-03 14:48:15,557 - INFO - Example sample - Num edges: 35
2025-04-03 14:48:15,557 - INFO - Example sample - Node feature dim: 768
2025-04-03 14:48:15,557 - INFO - Example sample - Num phenotypes: 3
2025-04-03 14:48:15,558 - INFO - Memory usage: 4908.64 MB
2025-04-03 14:48:17,529 - INFO - Gene distribution visualization saved to gene_distribution.png
2025-04-03 14:48:17,530 - INFO - 
==============================
Testing random split strategy
==============================
2025-04-03 14:48:17,530 - INFO - Creating HPO DataLoaders with strategy: 'random'
2025-04-03 14:48:17,530 - INFO - Initializing LazyHPOGraphDataset with root: /home/gcolangelo/GraPhens/data/simulation/output
2025-04-03 14:48:32,783 - INFO - Successfully initialized dataset with 26144821 samples. Batch caching: Enabled
2025-04-03 14:48:32,783 - INFO - Dataset initialized in 15.25s with cache_size=50
2025-04-03 14:48:32,783 - INFO - Performing random split: Train=18301374, Val=3921723, Test=3921724 (Total=26144821)
2025-04-03 14:48:38,862 - INFO - Random split created successfully with seed 42.
2025-04-03 14:48:42,575 - INFO - Split creation took 9.79s
2025-04-03 14:48:43,110 - INFO - Subset sizes: Train=18301374, Val=3921723, Test=3921724
2025-04-03 14:48:43,110 - INFO - Dataset cache configuration: {'enabled': True, 'size': 50, 'current_usage': 0, 'hits': 0, 'misses': 0, 'hit_rate': 0}
2025-04-03 14:48:43,110 - INFO - DataLoaders created successfully in 25.58s
2025-04-03 14:58:08,706 - INFO - Starting demo with dataset from data/simulation/output/
2025-04-03 14:58:08,707 - INFO - PyTorch version: 2.4.1
2025-04-03 14:58:08,707 - INFO - CUDA available: True
2025-04-03 14:58:08,757 - INFO - CUDA device: NVIDIA GeForce RTX 2080
2025-04-03 14:58:08,757 - INFO - Loading dataset...
2025-04-03 14:58:08,758 - INFO - Initializing LazyHPOGraphDataset with root: /home/gcolangelo/GraPhens/data/simulation/output
2025-04-03 14:58:27,457 - INFO - Successfully initialized dataset with 26144821 samples. Batch caching: Enabled
2025-04-03 14:58:27,457 - INFO - Dataset loaded in 18.70 seconds
2025-04-03 14:58:27,458 - INFO - Dataset size: 26144821
2025-04-03 14:58:27,470 - INFO - Number of genes: 5229
2025-04-03 14:58:27,470 - INFO - Embedding source: data/embeddings/hpo_embeddings_gsarti_biobert-nli_20250317_162424.pkl
2025-04-03 14:58:27,470 - INFO - Ancestors included: True
2025-04-03 14:58:27,471 - INFO - Reverse edges included: False
2025-04-03 14:58:27,474 - INFO - Top 5 genes by sample count: [('-', 5000), ('A2ML1', 5000), ('AAAS', 5000), ('AAGAB', 5000), ('AARS1', 5000)]
2025-04-03 14:58:28,411 - INFO - Example sample - Gene: -
2025-04-03 14:58:28,411 - INFO - Example sample - Num nodes: 30
2025-04-03 14:58:28,411 - INFO - Example sample - Num edges: 35
2025-04-03 14:58:28,411 - INFO - Example sample - Node feature dim: 768
2025-04-03 14:58:28,411 - INFO - Example sample - Num phenotypes: 3
2025-04-03 14:58:28,411 - INFO - Memory usage: 4916.33 MB
2025-04-03 14:58:30,898 - INFO - Gene distribution visualization saved to gene_distribution.png
2025-04-03 14:58:30,899 - INFO - 
==============================
Testing random split strategy
==============================
2025-04-03 14:58:30,899 - INFO - Creating HPO DataLoaders with strategy: 'random'
2025-04-03 14:58:30,900 - INFO - Initializing LazyHPOGraphDataset with root: /home/gcolangelo/GraPhens/data/simulation/output
2025-04-03 14:58:45,977 - INFO - Successfully initialized dataset with 26144821 samples. Batch caching: Enabled
2025-04-03 14:58:45,977 - INFO - Dataset initialized in 15.08s with cache_size=50
2025-04-03 14:58:45,977 - INFO - Performing random split: Train=18301374, Val=3921723, Test=3921724 (Total=26144821)
2025-04-03 14:58:52,083 - INFO - Random split created successfully with seed 42.
2025-04-03 14:58:55,762 - INFO - Split creation took 9.78s
2025-04-03 14:58:56,557 - INFO - Subset sizes: Train=18301374, Val=3921723, Test=3921724
2025-04-03 14:58:56,576 - INFO - Dataset cache configuration: {'enabled': True, 'size': 50, 'current_usage': 0, 'hits': 0, 'misses': 0, 'hit_rate': 0}
2025-04-03 14:58:56,576 - INFO - DataLoaders created successfully in 25.68s
2025-04-03 14:58:57,785 - INFO - Split creation time: 26.89 seconds
2025-04-03 14:58:57,785 - INFO - Train samples: 18301374
2025-04-03 14:58:57,785 - INFO - Validation samples: 3921723
2025-04-03 14:58:57,785 - INFO - Test samples: 3921724
2025-04-03 14:58:57,785 - INFO - Benchmarking random batch iteration with 5 batches (after 1 warmup batches)
2025-04-03 14:59:58,969 - INFO - Random batch 1 loaded in 24.8118 seconds
2025-04-03 15:00:24,798 - INFO - Random batch 2 loaded in 24.3731 seconds
2025-04-03 15:00:50,403 - INFO - Random batch 3 loaded in 24.1442 seconds
2025-04-03 15:01:16,825 - INFO - Random batch 4 loaded in 24.9645 seconds
2025-04-03 15:01:41,977 - INFO - Random batch 5 loaded in 23.6967 seconds
2025-04-03 15:01:41,978 - INFO - Average batch loading time: 24.3980s (min: 23.6967s, max: 24.9645s)
2025-04-03 15:01:41,978 - INFO - Average time per sample: 0.762439s
2025-04-03 15:01:41,978 - INFO - Cache statistics: {'enabled': True, 'size': 50, 'current_usage': 50, 'hits': 0, 'misses': 192, 'hit_rate': 0.0}
2025-04-03 15:01:42,799 - INFO - Successfully tested random split strategy
2025-04-03 15:01:42,799 - INFO - 
==============================
Testing gene_stratified split strategy
==============================
2025-04-03 15:01:42,799 - INFO - Creating HPO DataLoaders with strategy: 'gene_stratified'
2025-04-03 15:01:42,799 - INFO - Initializing LazyHPOGraphDataset with root: /home/gcolangelo/GraPhens/data/simulation/output
2025-04-03 15:01:57,256 - INFO - Successfully initialized dataset with 26144821 samples. Batch caching: Enabled
2025-04-03 15:01:57,256 - INFO - Dataset initialized in 14.46s with cache_size=50
2025-04-03 15:01:57,259 - INFO - Performing gene-stratified split for 5229 genes.
